2022-11-15T21:34:03.192+0800	DEBUG	network/consensusNode.go:30	ConsensusNode will be started at localhost:1113...

2022-11-15T21:34:08.244+0800	INFO	network/node.go:180	接收的Pre-prepare Msg: ClientID: client1, Operation: printf, SequenceID: 1668519247222762700

2022-11-15T21:34:08.244+0800	INFO	network/node.go:198	当前节点id:ReplicaNode2 已完成 Pre-prepare阶段
2022-11-15T21:34:09.244+0800	INFO	network/node.go:208	接收的Prepare Msg: NodeID: ReplicaNode3

2022-11-15T21:34:09.244+0800	DEBUG	consensus/pbft_impl.go:123	当前节点已搜集的Prepare消息Vote Num:1
2022-11-15T21:34:09.244+0800	INFO	network/node.go:208	接收的Prepare Msg: NodeID: ReplicaNode1

2022-11-15T21:34:09.244+0800	DEBUG	consensus/pbft_impl.go:123	当前节点已搜集的Prepare消息Vote Num:2
2022-11-15T21:34:09.244+0800	INFO	network/node.go:219	当前节点id:ReplicaNode2 已完成 Prepare阶段
2022-11-15T21:34:10.259+0800	INFO	network/node.go:230	接收的Commit Msg: NodeID: MainNode

2022-11-15T21:34:10.259+0800	DEBUG	consensus/pbft_impl.go:153	当前节点已搜集的Commit消息Vote Num:1
2022-11-15T21:34:10.259+0800	INFO	network/node.go:230	接收的Commit Msg: NodeID: ReplicaNode1

2022-11-15T21:34:10.259+0800	DEBUG	consensus/pbft_impl.go:153	当前节点已搜集的Commit消息Vote Num:2
2022-11-15T21:34:10.259+0800	INFO	network/node.go:253	当前节点id:ReplicaNode2 已完成 Commit阶段
2022-11-15T21:34:10.259+0800	INFO	network/node.go:135	通过PBFT完成共识, RequestMsg --- clientID:client1 的 Requst Msg:  1668519246, printf, 1668519247222762700

2022-11-15T21:36:07.940+0800	INFO	network/node.go:180	接收的Pre-prepare Msg: ClientID: client2, Operation: printf, SequenceID: 1668519366935576000

2022-11-15T21:36:07.940+0800	INFO	network/node.go:198	当前节点id:ReplicaNode2 已完成 Pre-prepare阶段
2022-11-15T21:36:08.954+0800	INFO	network/node.go:208	接收的Prepare Msg: NodeID: ReplicaNode1

2022-11-15T21:36:08.954+0800	DEBUG	consensus/pbft_impl.go:123	当前节点已搜集的Prepare消息Vote Num:1
2022-11-15T21:36:08.954+0800	INFO	network/node.go:208	接收的Prepare Msg: NodeID: ReplicaNode3

2022-11-15T21:36:08.954+0800	DEBUG	consensus/pbft_impl.go:123	当前节点已搜集的Prepare消息Vote Num:2
2022-11-15T21:36:08.954+0800	INFO	network/node.go:219	当前节点id:ReplicaNode2 已完成 Prepare阶段
2022-11-15T21:36:09.969+0800	INFO	network/node.go:230	接收的Commit Msg: NodeID: MainNode

2022-11-15T21:36:09.969+0800	DEBUG	consensus/pbft_impl.go:153	当前节点已搜集的Commit消息Vote Num:1
2022-11-15T21:36:09.969+0800	INFO	network/node.go:230	接收的Commit Msg: NodeID: ReplicaNode1

2022-11-15T21:36:09.969+0800	DEBUG	consensus/pbft_impl.go:153	当前节点已搜集的Commit消息Vote Num:2
2022-11-15T21:36:09.969+0800	INFO	network/node.go:253	当前节点id:ReplicaNode2 已完成 Commit阶段
2022-11-15T21:36:09.969+0800	INFO	network/node.go:135	通过PBFT完成共识, RequestMsg --- clientID:client1 的 Requst Msg:  1668519246, printf, 1668519247222762700

2022-11-15T21:36:09.969+0800	INFO	network/node.go:135	通过PBFT完成共识, RequestMsg --- clientID:client2 的 Requst Msg:  1668519366, printf, 1668519366935576000

2022-11-15T21:37:37.546+0800	INFO	network/node.go:180	接收的Pre-prepare Msg: ClientID: client3, Operation: printf, SequenceID: 1668519456530528400

2022-11-15T21:37:37.546+0800	INFO	network/node.go:198	当前节点id:ReplicaNode2 已完成 Pre-prepare阶段
2022-11-15T21:37:38.549+0800	INFO	network/node.go:208	接收的Prepare Msg: NodeID: ReplicaNode1

2022-11-15T21:37:38.549+0800	DEBUG	consensus/pbft_impl.go:123	当前节点已搜集的Prepare消息Vote Num:1
2022-11-15T21:37:38.549+0800	INFO	network/node.go:208	接收的Prepare Msg: NodeID: ReplicaNode3

2022-11-15T21:37:38.549+0800	DEBUG	consensus/pbft_impl.go:123	当前节点已搜集的Prepare消息Vote Num:2
2022-11-15T21:37:38.549+0800	INFO	network/node.go:219	当前节点id:ReplicaNode2 已完成 Prepare阶段
2022-11-15T21:37:39.561+0800	INFO	network/node.go:230	接收的Commit Msg: NodeID: ReplicaNode3

2022-11-15T21:37:39.561+0800	DEBUG	consensus/pbft_impl.go:153	当前节点已搜集的Commit消息Vote Num:1
2022-11-15T21:37:39.561+0800	INFO	network/node.go:230	接收的Commit Msg: NodeID: MainNode

2022-11-15T21:37:39.561+0800	DEBUG	consensus/pbft_impl.go:153	当前节点已搜集的Commit消息Vote Num:2
2022-11-15T21:37:39.561+0800	INFO	network/node.go:253	当前节点id:ReplicaNode2 已完成 Commit阶段
2022-11-15T21:37:39.561+0800	INFO	network/node.go:135	通过PBFT完成共识, RequestMsg --- clientID:client1 的 Requst Msg:  1668519246, printf, 1668519247222762700

2022-11-15T21:37:39.561+0800	INFO	network/node.go:135	通过PBFT完成共识, RequestMsg --- clientID:client2 的 Requst Msg:  1668519366, printf, 1668519366935576000

2022-11-15T21:37:39.561+0800	INFO	network/node.go:135	通过PBFT完成共识, RequestMsg --- clientID:client3 的 Requst Msg:  1668519455, printf, 1668519456530528400

